<?xml version="1.0" encoding="UTF-8"?>
<testng-results skipped="0" failed="0" ignored="0" total="1" passed="1">
  <reporter-output>
  </reporter-output>
  <suite name="Default suite" duration-ms="4339" started-at="2021-07-18T17:43:40 IST" finished-at="2021-07-18T17:43:44 IST">
    <groups>
    </groups>
    <test name="Default test" duration-ms="4339" started-at="2021-07-18T17:43:40 IST" finished-at="2021-07-18T17:43:44 IST">
      <class name="tests.XMLSchemaValidation">
        <test-method status="PASS" signature="xmlSchemaValidation()[pri:0, instance:tests.XMLSchemaValidation@6ebc05a6]" name="xmlSchemaValidation" duration-ms="4277" started-at="2021-07-18T17:43:40 IST" finished-at="2021-07-18T17:43:44 IST">
          <reporter-output>
          </reporter-output>
        </test-method> <!-- xmlSchemaValidation -->
      </class> <!-- tests.XMLSchemaValidation -->
    </test> <!-- Default test -->
  </suite> <!-- Default suite -->
</testng-results>
